<?xml version="1.0" encoding="UTF-8"?>
<testng-results ignored="0" total="6" passed="6" failed="0" skipped="0">
  <reporter-output>
  </reporter-output>
  <suite started-at="2021-10-13T09:31:39Z" name="Suite" finished-at="2021-10-13T09:31:48Z" duration-ms="9381">
    <groups>
    </groups>
    <test started-at="2021-10-13T09:31:39Z" name="Test" finished-at="2021-10-13T09:31:39Z" duration-ms="74">
      <class name="AppTest.AppTest">
        <test-method signature="loginTest()[pri:0, instance:AppTest.AppTest@57c03d88]" started-at="2021-10-13T09:31:39Z" name="loginTest" description="Login with the valid details" finished-at="2021-10-13T09:31:39Z" duration-ms="26" status="PASS">
          <reporter-output>
          </reporter-output>
        </test-method> <!-- loginTest -->
        <test-method signature="loginTestWithInvalid()[pri:0, instance:AppTest.AppTest@57c03d88]" started-at="2021-10-13T09:31:39Z" name="loginTestWithInvalid" description="Login with invalid data" finished-at="2021-10-13T09:31:39Z" duration-ms="1" status="PASS">
          <reporter-output>
          </reporter-output>
        </test-method> <!-- loginTestWithInvalid -->
      </class> <!-- AppTest.AppTest -->
    </test> <!-- Test -->
    <test started-at="2021-10-13T09:31:39Z" name="Test1" finished-at="2021-10-13T09:31:39Z" duration-ms="2">
      <class name="AppTest.NumberComparision">
        <test-method signature="f()[pri:0, instance:AppTest.NumberComparision@3b74ac8]" started-at="2021-10-13T09:31:39Z" name="f" finished-at="2021-10-13T09:31:39Z" duration-ms="0" status="PASS">
          <reporter-output>
          </reporter-output>
        </test-method> <!-- f -->
      </class> <!-- AppTest.NumberComparision -->
    </test> <!-- Test1 -->
    <test started-at="2021-10-13T09:31:39Z" name="Test2" finished-at="2021-10-13T09:31:48Z" duration-ms="9225">
      <class name="AppTest.SeleniumDev">
        <test-method is-config="true" signature="beforeTest()[pri:0, instance:AppTest.SeleniumDev@327af41b]" started-at="2021-10-13T09:31:39Z" name="beforeTest" finished-at="2021-10-13T09:31:42Z" duration-ms="3304" status="PASS">
          <reporter-output>
          </reporter-output>
        </test-method> <!-- beforeTest -->
        <test-method signature="titleTitle()[pri:0, instance:AppTest.SeleniumDev@327af41b]" started-at="2021-10-13T09:31:42Z" name="titleTitle" finished-at="2021-10-13T09:31:45Z" duration-ms="3114" status="PASS">
          <reporter-output>
          </reporter-output>
        </test-method> <!-- titleTitle -->
        <test-method is-config="true" signature="afterTest()[pri:0, instance:AppTest.SeleniumDev@327af41b]" started-at="2021-10-13T09:31:45Z" name="afterTest" finished-at="2021-10-13T09:31:48Z" duration-ms="2804" status="PASS">
          <reporter-output>
          </reporter-output>
        </test-method> <!-- afterTest -->
      </class> <!-- AppTest.SeleniumDev -->
    </test> <!-- Test2 -->
  </suite> <!-- Suite -->
  <suite started-at="2021-10-13T09:31:48Z" name="Suite (0)" finished-at="2021-10-13T09:31:48Z" duration-ms="4">
    <groups>
    </groups>
    <test started-at="2021-10-13T09:31:48Z" name="Test" finished-at="2021-10-13T09:31:48Z" duration-ms="4">
      <class name="AppTest.AppTest">
        <test-method signature="loginTest()[pri:0, instance:AppTest.AppTest@3e6f3f28]" started-at="2021-10-13T09:31:48Z" name="loginTest" description="Login with the valid details" finished-at="2021-10-13T09:31:48Z" duration-ms="1" status="PASS">
          <reporter-output>
          </reporter-output>
        </test-method> <!-- loginTest -->
        <test-method signature="loginTestWithInvalid()[pri:0, instance:AppTest.AppTest@3e6f3f28]" started-at="2021-10-13T09:31:48Z" name="loginTestWithInvalid" description="Login with invalid data" finished-at="2021-10-13T09:31:48Z" duration-ms="1" status="PASS">
          <reporter-output>
          </reporter-output>
        </test-method> <!-- loginTestWithInvalid -->
      </class> <!-- AppTest.AppTest -->
    </test> <!-- Test -->
  </suite> <!-- Suite (0) -->
</testng-results>
