<?xml version="1.0" encoding="UTF-8"?>
<testng-results skipped="0" failed="0" ignored="0" total="1" passed="1">
  <reporter-output>
  </reporter-output>
  <suite name="Default suite" duration-ms="31" started-at="2021-10-13T07:14:48Z" finished-at="2021-10-13T07:14:48Z">
    <groups>
    </groups>
    <test name="Default test" duration-ms="31" started-at="2021-10-13T07:14:48Z" finished-at="2021-10-13T07:14:48Z">
      <class name="AppTest.NumberComparision">
        <test-method status="PASS" signature="f()[pri:0, instance:AppTest.NumberComparision@77167fb7]" name="f" duration-ms="9" started-at="2021-10-13T07:14:48Z" finished-at="2021-10-13T07:14:48Z">
          <reporter-output>
          </reporter-output>
        </test-method> <!-- f -->
      </class> <!-- AppTest.NumberComparision -->
    </test> <!-- Default test -->
  </suite> <!-- Default suite -->
</testng-results>
